2025-06-28 05:00:48,159 [main] INFO  c.p.d.DiscoveryServiceApplication - Starting DiscoveryServiceApplication using Java 21.0.6 with PID 23972 (F:\UIT\KhoaLuanTotNghiep\bookingsmart\discovery-service\target\classes started by PhamDuyHuy in F:\UIT\KhoaLuanTotNghiep\bookingsmart\discovery-service)
2025-06-28 05:00:48,160 [main] DEBUG c.p.d.DiscoveryServiceApplication - Running with Spring Boot v3.5.3, Spring v6.2.8
2025-06-28 05:00:48,161 [main] INFO  c.p.d.DiscoveryServiceApplication - The following 1 profile is active: "dev"
2025-06-28 05:00:49,128 [main] INFO  o.s.cloud.context.scope.GenericScope - BeanFactory id=9d018ea4-b1cd-3199-afc0-9c315146f67e
2025-06-28 05:00:49,421 [main] INFO  o.s.b.w.e.tomcat.TomcatWebServer - Tomcat initialized with port 8761 (http)
2025-06-28 05:00:49,438 [main] INFO  o.a.catalina.core.StandardService - Starting service [Tomcat]
2025-06-28 05:00:49,439 [main] INFO  o.a.catalina.core.StandardEngine - Starting Servlet engine: [Apache Tomcat/10.1.42]
2025-06-28 05:00:49,512 [main] INFO  o.a.c.c.C.[Tomcat].[localhost].[/] - Initializing Spring embedded WebApplicationContext
2025-06-28 05:00:49,512 [main] INFO  o.s.b.w.s.c.ServletWebServerApplicationContext - Root WebApplicationContext: initialization completed in 1310 ms
2025-06-28 05:00:50,291 [main] INFO  c.n.d.p.DiscoveryJerseyProvider - Using JSON encoding codec LegacyJacksonJson
2025-06-28 05:00:50,293 [main] INFO  c.n.d.p.DiscoveryJerseyProvider - Using JSON decoding codec LegacyJacksonJson
2025-06-28 05:00:50,432 [main] INFO  c.n.d.p.DiscoveryJerseyProvider - Using XML encoding codec XStreamXml
2025-06-28 05:00:50,432 [main] INFO  c.n.d.p.DiscoveryJerseyProvider - Using XML decoding codec XStreamXml
2025-06-28 05:00:50,579 [main] INFO  o.s.v.b.OptionalValidatorFactoryBean - Failed to set up a Bean Validation provider: jakarta.validation.NoProviderFoundException: Unable to create a Configuration, because no Jakarta Bean Validation provider could be found. Add a provider like Hibernate Validator (RI) to your classpath.
2025-06-28 05:00:51,046 [main] WARN  o.s.b.a.s.s.UserDetailsServiceAutoConfiguration - 

Using generated security password: b852f95b-7060-4b01-8527-a874b39b222e

This generated password is for development use only. Your security configuration must be updated before running your application in production.

2025-06-28 05:00:51,053 [main] INFO  o.s.s.c.a.a.c.InitializeUserDetailsBeanManagerConfigurer$InitializeUserDetailsManagerConfigurer - Global AuthenticationManager configured with UserDetailsService bean with name inMemoryUserDetailsManager
2025-06-28 05:00:51,148 [main] INFO  o.s.b.a.e.web.EndpointLinksResolver - Exposing 4 endpoints beneath base path '/actuator'
2025-06-28 05:00:51,307 [main] WARN  o.s.c.l.c.LoadBalancerCacheAutoConfiguration$LoadBalancerCaffeineWarnLogger - Spring Cloud LoadBalancer is currently working with the default cache. While this cache implementation is useful for development and tests, it's recommended to use Caffeine cache in production.You can switch to using Caffeine cache, by adding it and org.springframework.cache.caffeine.CaffeineCacheManager to the classpath.
2025-06-28 05:00:51,325 [main] INFO  o.s.c.n.eureka.InstanceInfoFactory - Setting initial instance status as: STARTING
2025-06-28 05:00:51,342 [main] INFO  c.netflix.discovery.DiscoveryClient - Initializing Eureka in region us-east-1
2025-06-28 05:00:51,342 [main] INFO  c.netflix.discovery.DiscoveryClient - Client configured to neither register nor query for data.
2025-06-28 05:00:51,344 [main] INFO  c.netflix.discovery.DiscoveryClient - Discovery Client initialized at timestamp 1751061651343 with initial instances count: 0
2025-06-28 05:00:51,383 [main] INFO  c.n.e.DefaultEurekaServerContext - Initializing ...
2025-06-28 05:00:51,385 [main] WARN  c.n.eureka.cluster.PeerEurekaNodes - The replica size seems to be empty. Check the route 53 DNS Registry
2025-06-28 05:00:51,393 [main] INFO  c.n.e.r.AbstractInstanceRegistry - Finished initializing remote region registries. All known remote regions: []
2025-06-28 05:00:51,393 [main] INFO  c.n.e.DefaultEurekaServerContext - Initialized
2025-06-28 05:00:51,447 [main] INFO  o.s.c.n.e.s.EurekaServiceRegistry - Registering application DISCOVERY-SERVICE with eureka with status UP
2025-06-28 05:00:51,458 [Thread-9] INFO  o.s.c.n.e.s.EurekaServerBootstrap - isAws returned false
2025-06-28 05:00:51,459 [Thread-9] INFO  o.s.c.n.e.s.EurekaServerBootstrap - Initialized server context
2025-06-28 05:00:51,460 [Thread-9] INFO  c.n.e.r.PeerAwareInstanceRegistryImpl - Got 1 instances from neighboring DS node
2025-06-28 05:00:51,460 [Thread-9] INFO  c.n.e.r.PeerAwareInstanceRegistryImpl - Renew threshold is: 1
2025-06-28 05:00:51,460 [Thread-9] INFO  c.n.e.r.PeerAwareInstanceRegistryImpl - Changing status to UP
2025-06-28 05:00:51,462 [Thread-9] INFO  o.s.c.n.e.s.EurekaServerInitializerConfiguration - Started Eureka Server
2025-06-28 05:00:51,481 [main] INFO  o.s.b.w.e.tomcat.TomcatWebServer - Tomcat started on port 8761 (http) with context path '/'
2025-06-28 05:00:51,482 [main] INFO  o.s.c.n.e.s.EurekaAutoServiceRegistration - Updating port to 8761
2025-06-28 05:00:51,506 [main] INFO  c.p.d.DiscoveryServiceApplication - Started DiscoveryServiceApplication in 3.9 seconds (process running for 4.425)
2025-06-28 05:00:51,580 [main] INFO  c.p.d.config.DiscoveryEventListener - ================================================================================
2025-06-28 05:00:51,581 [main] INFO  c.p.d.config.DiscoveryEventListener - 📡 DISCOVERY SERVICE READY
2025-06-28 05:00:51,582 [main] INFO  c.p.d.config.DiscoveryEventListener - ================================================================================
2025-06-28 05:00:51,582 [main] INFO  c.p.d.config.DiscoveryEventListener - 🌐 Web UI: http://localhost:8761
2025-06-28 05:00:51,583 [main] INFO  c.p.d.config.DiscoveryEventListener - 🔗 Registry URL: http://localhost:8761/eureka
2025-06-28 05:00:51,583 [main] INFO  c.p.d.config.DiscoveryEventListener - 🏷️  Active Profile: dev
2025-06-28 05:00:51,584 [main] INFO  c.p.d.config.DiscoveryEventListener - 🔒 Security: DISABLED
2025-06-28 05:00:51,584 [main] INFO  c.p.d.config.DiscoveryEventListener - ================================================================================
2025-06-28 05:00:51,584 [main] INFO  c.p.d.config.DiscoveryEventListener - 🚀 Ready to accept service registrations!
2025-06-28 05:00:51,584 [main] INFO  c.p.d.config.DiscoveryEventListener - ================================================================================
2025-06-28 05:00:51,585 [main] INFO  c.p.d.DiscoveryServiceApplication - BookingSmart Discovery Service started successfully!
2025-06-28 05:00:51,585 [main] INFO  c.p.d.DiscoveryServiceApplication - Services can register at: http://localhost:8761/eureka
2025-06-28 05:00:55,461 [Eureka-EvictionTimer] INFO  c.n.e.r.AbstractInstanceRegistry - Running the evict task with compensationTime 0ms
2025-06-28 05:00:59,462 [Eureka-EvictionTimer] INFO  c.n.e.r.AbstractInstanceRegistry - Running the evict task with compensationTime 0ms
2025-06-28 05:01:03,462 [Eureka-EvictionTimer] INFO  c.n.e.r.AbstractInstanceRegistry - Running the evict task with compensationTime 0ms
2025-06-28 05:01:03,655 [http-nio-8761-exec-1] INFO  o.a.c.c.C.[Tomcat].[localhost].[/] - Initializing Spring DispatcherServlet 'dispatcherServlet'
2025-06-28 05:01:03,656 [http-nio-8761-exec-1] INFO  o.s.web.servlet.DispatcherServlet - Initializing Servlet 'dispatcherServlet'
2025-06-28 05:01:03,657 [http-nio-8761-exec-1] INFO  o.s.web.servlet.DispatcherServlet - Completed initialization in 1 ms
2025-06-28 05:01:07,476 [Eureka-EvictionTimer] INFO  c.n.e.r.AbstractInstanceRegistry - Running the evict task with compensationTime 13ms
2025-06-28 05:01:11,476 [Eureka-EvictionTimer] INFO  c.n.e.r.AbstractInstanceRegistry - Running the evict task with compensationTime 0ms
2025-06-28 05:01:15,491 [Eureka-EvictionTimer] INFO  c.n.e.r.AbstractInstanceRegistry - Running the evict task with compensationTime 14ms
2025-06-28 05:01:19,494 [Eureka-EvictionTimer] INFO  c.n.e.r.AbstractInstanceRegistry - Running the evict task with compensationTime 3ms
2025-06-28 05:01:23,504 [Eureka-EvictionTimer] INFO  c.n.e.r.AbstractInstanceRegistry - Running the evict task with compensationTime 10ms
2025-06-28 05:01:27,509 [Eureka-EvictionTimer] INFO  c.n.e.r.AbstractInstanceRegistry - Running the evict task with compensationTime 5ms
2025-06-28 05:01:31,516 [Eureka-EvictionTimer] INFO  c.n.e.r.AbstractInstanceRegistry - Running the evict task with compensationTime 6ms
2025-06-28 05:01:34,035 [http-nio-8761-exec-5] INFO  o.a.coyote.http11.Http11Processor - Error parsing HTTP request header
 Note: further occurrences of HTTP request parsing errors will be logged at DEBUG level.
java.lang.IllegalArgumentException: Invalid character found in method name [0x160x030x010x060xf20x010x000x060xee0x030x03h0xaf0xd20xc70x9b0xab00xf80xb60x9f%9v40xaaf$0x0e0xaa0x150x160x9c0xf10x1fr0xa60x850xca0xcd0xc80x160xc4 ]. HTTP method names must be tokens
	at org.apache.coyote.http11.Http11InputBuffer.parseRequestLine(Http11InputBuffer.java:403)
	at org.apache.coyote.http11.Http11Processor.service(Http11Processor.java:271)
	at org.apache.coyote.AbstractProcessorLight.process(AbstractProcessorLight.java:63)
	at org.apache.coyote.AbstractProtocol$ConnectionHandler.process(AbstractProtocol.java:903)
	at org.apache.tomcat.util.net.NioEndpoint$SocketProcessor.doRun(NioEndpoint.java:1769)
	at org.apache.tomcat.util.net.SocketProcessorBase.run(SocketProcessorBase.java:52)
	at org.apache.tomcat.util.threads.ThreadPoolExecutor.runWorker(ThreadPoolExecutor.java:1189)
	at org.apache.tomcat.util.threads.ThreadPoolExecutor$Worker.run(ThreadPoolExecutor.java:658)
	at org.apache.tomcat.util.threads.TaskThread$WrappingRunnable.run(TaskThread.java:63)
	at java.base/java.lang.Thread.run(Thread.java:1583)
2025-06-28 05:01:35,520 [Eureka-EvictionTimer] INFO  c.n.e.r.AbstractInstanceRegistry - Running the evict task with compensationTime 4ms
2025-06-28 05:01:36,966 [http-nio-8761-exec-7] INFO  o.a.tomcat.util.http.parser.Cookie - A cookie header was received [_logto={"appId":"xrydpsfbfpzrpqm89zehc"}] that contained an invalid cookie. That cookie will be ignored.
 Note: further occurrences of this error will be logged at DEBUG level.
2025-06-28 05:01:39,520 [Eureka-EvictionTimer] INFO  c.n.e.r.AbstractInstanceRegistry - Running the evict task with compensationTime 0ms
2025-06-28 05:01:43,533 [Eureka-EvictionTimer] INFO  c.n.e.r.AbstractInstanceRegistry - Running the evict task with compensationTime 13ms
2025-06-28 05:01:47,539 [Eureka-EvictionTimer] INFO  c.n.e.r.AbstractInstanceRegistry - Running the evict task with compensationTime 6ms
2025-06-28 05:01:51,545 [Eureka-EvictionTimer] INFO  c.n.e.r.AbstractInstanceRegistry - Running the evict task with compensationTime 5ms
2025-06-28 05:01:55,551 [Eureka-EvictionTimer] INFO  c.n.e.r.AbstractInstanceRegistry - Running the evict task with compensationTime 5ms
2025-06-28 05:01:59,560 [Eureka-EvictionTimer] INFO  c.n.e.r.AbstractInstanceRegistry - Running the evict task with compensationTime 9ms
2025-06-28 05:02:01,108 [SpringApplicationShutdownHook] INFO  o.s.c.n.e.s.EurekaServiceRegistry - Unregistering application DISCOVERY-SERVICE with eureka with status DOWN
2025-06-28 05:02:01,111 [SpringApplicationShutdownHook] INFO  o.s.b.w.e.tomcat.GracefulShutdown - Commencing graceful shutdown. Waiting for active requests to complete
2025-06-28 05:02:01,128 [tomcat-shutdown] INFO  o.s.b.w.e.tomcat.GracefulShutdown - Graceful shutdown complete
2025-06-28 05:02:01,129 [SpringApplicationShutdownHook] INFO  o.s.c.n.e.s.EurekaServerBootstrap - Shutting down Eureka Server..
2025-06-28 05:02:01,129 [SpringApplicationShutdownHook] INFO  c.n.e.DefaultEurekaServerContext - Shutting down ...
2025-06-28 05:02:01,130 [SpringApplicationShutdownHook] INFO  c.n.e.DefaultEurekaServerContext - Shut down
2025-06-28 05:02:01,130 [SpringApplicationShutdownHook] INFO  o.s.c.n.e.s.EurekaServerBootstrap - Eureka Service is now shutdown...
2025-06-28 05:02:01,131 [SpringApplicationShutdownHook] INFO  c.n.e.DefaultEurekaServerContext - Shutting down ...
2025-06-28 05:02:01,131 [SpringApplicationShutdownHook] INFO  c.n.e.DefaultEurekaServerContext - Shut down
2025-06-28 05:02:01,136 [SpringApplicationShutdownHook] INFO  c.netflix.discovery.DiscoveryClient - Shutting down DiscoveryClient ...
2025-06-28 05:02:01,136 [SpringApplicationShutdownHook] INFO  c.netflix.discovery.DiscoveryClient - Completed shut down of DiscoveryClient
